<?xml version="1.0" encoding="UTF-8"?>
<!-- Generated by org.testng.reporters.JUnitReportReporter -->
<testsuite hostname="HP" failures="0" tests="1" name="com.naveenautomation.tests.DownloadsPageTest" time="24.159" errors="0" timestamp="2024-03-19T18:14:47 EDT" skipped="0">
  <testcase classname="com.naveenautomation.tests.DownloadsPageTest" name="validateDownloads" time="24.159"/>
  <system-out/>
</testsuite> <!-- com.naveenautomation.tests.DownloadsPageTest -->
