<?xml version="1.0" encoding="UTF-8"?>
<!-- Generated by org.testng.reporters.JUnitReportReporter -->
<testsuite hostname="HP" failures="0" tests="1" name="com.naveenautomation.tests.RewardPointsPageTest" time="28.217" errors="0" timestamp="2024-03-10T20:44:58 EDT" skipped="0">
  <testcase classname="com.naveenautomation.tests.RewardPointsPageTest" name="validateRewardPoints" time="28.217"/>
  <system-out/>
</testsuite> <!-- com.naveenautomation.tests.RewardPointsPageTest -->
